<?xml version="1.0" encoding="UTF-8"?>
<!-- Generated by org.testng.reporters.JUnitReportReporter -->
<testsuite skipped="0" hostname="LAPTOP-NVHNPNHC" name="Alert" tests="1" failures="0" timestamp="13 Dec 2016 21:12:47 GMT" time="16.328" errors="0">
  <testcase name="handleAlert" time="16.328" classname="Alert"/>
</testsuite> <!-- Alert -->
