<?xml version="1.0" encoding="UTF-8"?>
<!-- Generated by org.testng.reporters.JUnitReportReporter -->
<testsuite skipped="0" hostname="LAPTOP-NVHNPNHC" name="securitycertificate" tests="1" failures="0" timestamp="13 Dec 2016 23:26:03 GMT" time="12.248" errors="0">
  <testcase name="Security" time="12.248" classname="securitycertificate"/>
</testsuite> <!-- securitycertificate -->
