<?xml version="1.0" encoding="UTF-8"?>
<!-- Generated by org.testng.reporters.JUnitReportReporter -->
<testsuite skipped="0" hostname="LAPTOP-NVHNPNHC" name="verifyingError" tests="1" failures="0" timestamp="2 Dec 2016 22:12:54 GMT" time="7.422" errors="0">
  <testcase name="Mytest" time="7.422" classname="verifyingError"/>
</testsuite> <!-- verifyingError -->
