<?xml version="1.0" encoding="UTF-8"?>
<!-- Generated by org.testng.reporters.JUnitReportReporter -->
<testsuite skipped="0" hostname="LAPTOP-NVHNPNHC" name="assertiondemo.assertions" tests="1" failures="0" timestamp="2 Dec 2016 17:58:54 GMT" time="12.298" errors="0">
  <testcase name="Test4" time="12.298" classname="assertiondemo.assertions"/>
</testsuite> <!-- assertiondemo.assertions -->
