<?xml version="1.0" encoding="UTF-8"?>
<!-- Generated by org.testng.reporters.JUnitReportReporter -->
<testsuite skipped="0" hostname="LAPTOP-NVHNPNHC" name="newPackage.TestSeleniumDemo" tests="1" failures="0" timestamp="13 Jan 2017 19:40:50 GMT" time="0.014" errors="0">
  <testcase name="Config" time="0.014" classname="newPackage.TestSeleniumDemo"/>
</testsuite> <!-- newPackage.TestSeleniumDemo -->
