<?xml version="1.0" encoding="UTF-8"?>
<!-- Generated by org.testng.reporters.JUnitReportReporter -->
<testsuite hostname="LAPTOP-NVHNPNHC" name="Mavenproject.Acadamey.Validatethenavbar" tests="1" failures="0" timestamp="25 Jan 2018 18:29:41 GMT" time="13.633" errors="0">
  <testcase name="basePageNavigation" time="13.633" classname="Mavenproject.Acadamey.Validatethenavbar"/>
</testsuite> <!-- Mavenproject.Acadamey.Validatethenavbar -->
