<?xml version="1.0" encoding="UTF-8"?>
<!-- Generated by org.testng.reporters.JUnitReportReporter -->
<testsuite hostname="LAPTOP-NVHNPNHC" name="Mavenproject.Acadamey.HomePage" tests="3" failures="0" timestamp="25 Jan 2018 18:29:41 GMT" time="21.897" errors="0">
  <testcase name="basePageNavigation" time="3.595" classname="Mavenproject.Acadamey.HomePage"/>
  <testcase name="basePageNavigation" time="15.020" classname="Mavenproject.Acadamey.HomePage"/>
  <testcase name="basePageNavigation" time="3.282" classname="Mavenproject.Acadamey.HomePage"/>
</testsuite> <!-- Mavenproject.Acadamey.HomePage -->
