<?xml version="1.0" encoding="UTF-8"?>
<!-- Generated by org.testng.reporters.JUnitReportReporter -->
<testsuite hostname="LAPTOP-NVHNPNHC" name="testNg.Annotation2" tests="2" failures="0" timestamp="3 Oct 2017 16:53:51 GMT" time="0.012" errors="0">
  <testcase name="easy1print" time="0.007" classname="testNg.Annotation2"/>
  <testcase name="easyprint" time="0.005" classname="testNg.Annotation2"/>
</testsuite> <!-- testNg.Annotation2 -->
