<?xml version="1.0" encoding="UTF-8"?>
<!-- Generated by org.testng.reporters.JUnitReportReporter -->
<testsuite hostname="LAPTOP-NVHNPNHC" name="annotate" tests="2" failures="0" timestamp="2 Oct 2017 19:49:08 GMT" time="0.013" errors="0">
  <testcase name="easy1print" time="0.012" classname="annotate"/>
  <testcase name="easyprint" time="0.001" classname="annotate"/>
</testsuite> <!-- annotate -->
