<?xml version="1.0" encoding="UTF-8"?>
<!-- Generated by org.testng.reporters.JUnitReportReporter -->
<testsuite hostname="LAPTOP-NVHNPNHC" name="testNg.Testbase" tests="5" failures="0" timestamp="3 Oct 2017 16:53:51 GMT" time="4.627" errors="0">
  <testcase name="printmethod" time="0.003" classname="testNg.Testbase"/>
  <testcase name="printmethod" time="0.002" classname="testNg.Testbase"/>
  <testcase name="printmethod" time="0.001" classname="testNg.Testbase"/>
  <testcase name="login" time="4.620" classname="testNg.Testbase"/>
  <testcase name="printmethod1" time="0.001" classname="testNg.Testbase"/>
</testsuite> <!-- testNg.Testbase -->
