<?xml version="1.0" encoding="UTF-8"?>
<!-- Generated by org.testng.reporters.JUnitReportReporter -->
<testsuite hostname="LAPTOP-NVHNPNHC" name="testNg.DependencyAnnotation" tests="7" failures="0" timestamp="3 Oct 2017 16:53:51 GMT" time="15.373" errors="0">
  <testcase name="printmethod" time="0.001" classname="testNg.DependencyAnnotation"/>
  <testcase name="printmethod" time="0.001" classname="testNg.DependencyAnnotation"/>
  <testcase name="openingBrowser" time="10.284" classname="testNg.DependencyAnnotation"/>
  <testcase name="printmethod" time="0.002" classname="testNg.DependencyAnnotation"/>
  <testcase name="printmethod1" time="0.003" classname="testNg.DependencyAnnotation"/>
  <testcase name="flightbooking" time="0.001" classname="testNg.DependencyAnnotation"/>
  <testcase name="login" time="5.081" classname="testNg.DependencyAnnotation"/>
</testsuite> <!-- testNg.DependencyAnnotation -->
