<?xml version="1.0" encoding="UTF-8"?>
<!-- Generated by org.testng.reporters.JUnitReportReporter -->
<testsuite hostname="LAPTOP-NVHNPNHC" name="testNg.DependencyAnnotation" tests="7" failures="0" timestamp="3 Oct 2017 19:55:12 GMT" time="9.537" errors="0">
  <testcase name="printmethod" time="0.000" classname="testNg.DependencyAnnotation"/>
  <testcase name="printmethod1" time="0.000" classname="testNg.DependencyAnnotation"/>
  <testcase name="login" time="4.267" classname="testNg.DependencyAnnotation"/>
  <testcase name="printmethod" time="0.000" classname="testNg.DependencyAnnotation"/>
  <testcase name="openingBrowser" time="5.268" classname="testNg.DependencyAnnotation"/>
  <testcase name="flightbooking" time="0.000" classname="testNg.DependencyAnnotation"/>
  <testcase name="printmethod" time="0.002" classname="testNg.DependencyAnnotation"/>
</testsuite> <!-- testNg.DependencyAnnotation -->
