<?xml version="1.0" encoding="UTF-8"?>
<!-- Generated by org.testng.reporters.JUnitReportReporter -->
<testsuite hostname="LAPTOP-NVHNPNHC" name="testNg.Testbase" tests="5" failures="0" timestamp="3 Oct 2017 19:55:12 GMT" time="4.790" errors="0">
  <testcase name="printmethod" time="0.000" classname="testNg.Testbase"/>
  <testcase name="printmethod1" time="0.000" classname="testNg.Testbase"/>
  <testcase name="printmethod" time="0.000" classname="testNg.Testbase"/>
  <testcase name="login" time="4.790" classname="testNg.Testbase"/>
  <testcase name="printmethod" time="0.000" classname="testNg.Testbase"/>
</testsuite> <!-- testNg.Testbase -->
