<?xml version="1.0" encoding="UTF-8"?>
<!-- Generated by org.testng.reporters.JUnitReportReporter -->
<testsuite hostname="LAPTOP-NVHNPNHC" name="testNg.Annotation2" tests="2" failures="0" timestamp="3 Oct 2017 19:55:12 GMT" time="0.003" errors="0">
  <testcase name="easy1print" time="0.002" classname="testNg.Annotation2"/>
  <testcase name="easyprint" time="0.001" classname="testNg.Annotation2"/>
</testsuite> <!-- testNg.Annotation2 -->
