<?xml version="1.0" encoding="UTF-8"?>
<!-- Generated by org.testng.reporters.JUnitReportReporter -->
<testsuite hostname="LAPTOP-NVHNPNHC" name="Assertions" tests="1" failures="0" timestamp="11 Dec 2017 18:11:00 GMT" time="14.250" errors="0">
  <testcase name="verfiy" time="14.250" classname="Assertions"/>
</testsuite> <!-- Assertions -->
