<?xml version="1.0" encoding="UTF-8"?>
<!-- Generated by org.testng.reporters.JUnitReportReporter -->
<testsuite hostname="LAPTOP-NVHNPNHC" name="seleniumgrid.seleniumgridamazon" tests="1" failures="0" timestamp="4 Jan 2018 01:32:47 GMT" time="0.441" errors="0">
  <testcase name="getTitle" time="0.441" classname="seleniumgrid.seleniumgridamazon"/>
</testsuite> <!-- seleniumgrid.seleniumgridamazon -->
