<?xml version="1.0" encoding="UTF-8"?>
<!-- Generated by org.testng.reporters.JUnitReportReporter -->
<testsuite hostname="LAPTOP-NVHNPNHC" name="Practice.ParllelBrowser" tests="2" failures="0" timestamp="12 Dec 2017 20:59:51 GMT" time="41.006" errors="0">
  <testcase name="getFirefox" time="23.095" classname="Practice.ParllelBrowser"/>
  <testcase name="getChorme" time="17.911" classname="Practice.ParllelBrowser"/>
</testsuite> <!-- Practice.ParllelBrowser -->
