<?xml version="1.0" encoding="UTF-8"?>
<!-- Generated by org.testng.reporters.JUnitReportReporter -->
<testsuite hostname="LAPTOP-NVHNPNHC" name="Practice.Parameterization" tests="1" failures="0" timestamp="12 Dec 2017 19:36:35 GMT" time="0.009" errors="0">
  <testcase name="parametertest" time="0.009" classname="Practice.Parameterization"/>
</testsuite> <!-- Practice.Parameterization -->
