<?xml version="1.0" encoding="UTF-8"?>
<!-- Generated by org.testng.reporters.JUnitReportReporter -->
<testsuite hostname="LAPTOP-NVHNPNHC" name="Practice.DependencyOnTestAnnotations" tests="2" failures="0" timestamp="13 Dec 2017 01:13:22 GMT" time="0.010" errors="0">
  <testcase name="testCase2" time="0.008" classname="Practice.DependencyOnTestAnnotations"/>
  <testcase name="testCase1" time="0.002" classname="Practice.DependencyOnTestAnnotations"/>
</testsuite> <!-- Practice.DependencyOnTestAnnotations -->
