<?xml version="1.0" encoding="UTF-8"?>
<!-- Generated by org.testng.reporters.JUnitReportReporter -->
<testsuite hostname="LAPTOP-NVHNPNHC" name="Practice.GroupDemo2" tests="1" failures="0" timestamp="12 Dec 2017 20:55:10 GMT" time="0.012" errors="0">
  <testcase name="Testcase3" time="0.012" classname="Practice.GroupDemo2"/>
</testsuite> <!-- Practice.GroupDemo2 -->
