<?xml version="1.0" encoding="UTF-8"?>
<!-- Generated by org.testng.reporters.JUnitReportReporter -->
<testsuite hostname="LAPTOP-NVHNPNHC" name="Practice.GroupDemo1" tests="1" failures="0" timestamp="12 Dec 2017 20:55:10 GMT" time="0.012" errors="0">
  <testcase name="Testcase1" time="0.012" classname="Practice.GroupDemo1"/>
</testsuite> <!-- Practice.GroupDemo1 -->
