<?xml version="1.0" encoding="UTF-8"?>
<!-- Generated by org.testng.reporters.JUnitReportReporter -->
<testsuite hostname="LAPTOP-NVHNPNHC" name="Mavenproject.Acadamey.HomePage" tests="3" failures="0" timestamp="10 Nov 2017 22:18:42 GMT" time="21.730" errors="0">
  <testcase name="basePageNavigation" time="15.006" classname="Mavenproject.Acadamey.HomePage"/>
  <testcase name="basePageNavigation" time="4.372" classname="Mavenproject.Acadamey.HomePage"/>
  <testcase name="basePageNavigation" time="2.352" classname="Mavenproject.Acadamey.HomePage"/>
</testsuite> <!-- Mavenproject.Acadamey.HomePage -->
