<?xml version="1.0" encoding="UTF-8"?>
<!-- Generated by org.testng.reporters.JUnitReportReporter -->
<testsuite hostname="LAPTOP-NVHNPNHC" name="Mavenproject.Acadamey.Validatethenavbar" tests="1" failures="0" timestamp="10 Nov 2017 23:12:49 GMT" time="10.280" errors="0">
  <testcase name="basePageNavigation" time="10.280" classname="Mavenproject.Acadamey.Validatethenavbar"/>
</testsuite> <!-- Mavenproject.Acadamey.Validatethenavbar -->
