<?xml version="1.0" encoding="UTF-8"?>
<!-- Generated by org.testng.reporters.JUnitReportReporter -->
<testsuite hostname="LAPTOP-NVHNPNHC" name="annatations.Aftertstannot" tests="2" failures="0" timestamp="6 Dec 2017 00:39:32 GMT" time="59.296" errors="0">
  <testcase name="Title" time="0.012" classname="annatations.Aftertstannot"/>
  <testcase name="link" time="59.284" classname="annatations.Aftertstannot"/>
</testsuite> <!-- annatations.Aftertstannot -->
